21:24:05 **** Rebuild of configuration RPiSIM for project RPiLAB_BASE ****
Info: Internal Builder is used for build
gcc -DSIMULATOR -O3 -Wall -c -fmessage-length=0 -o ".metadata\\.plugins\\org.eclipse.cdt.make.core\\specs.o" "..\\.metadata\\.plugins\\org.eclipse.cdt.make.core\\specs.c" 
g++ -DSIMULATOR -O0 -g3 -Wall -c -fmessage-length=0 -o "src\\main.o" "..\\src\\main.cpp" 
g++ -DSIMULATOR -O0 -g3 -Wall -c -fmessage-length=0 -o "src\\peripherals.o" "..\\src\\peripherals.cpp" 
g++ -DSIMULATOR -O0 -g3 -Wall -c -fmessage-length=0 -o "src\\utilities.o" "..\\src\\utilities.cpp" 
g++ -DSIMULATOR -O0 -g3 -Wall -c -fmessage-length=0 -o "src\\z_starego.o" "..\\src\\z_starego.cpp" 
..\src\z_starego.cpp:65:1: error: 'R_P_LCD_TMSLAB' does not name a type
   65 | R_P_LCD_TMSLAB LCD;             // Obiekt obslugujacy LCD
      | ^~~~~~~~~~~~~~
..\src\z_starego.cpp:66:1: error: 'R_P_KEYBOARD_TMSLAB' does not name a type
   66 | R_P_KEYBOARD_TMSLAB KEYBOARD;   // Obiekt obslugujacy klawiature
      | ^~~~~~~~~~~~~~~~~~~
..\src\z_starego.cpp:67:1: error: 'R_P_LEDBAR_TMSLAB' does not name a type
   67 | R_P_LEDBAR_TMSLAB LEDBAR;       // Obiekt obslugujacy diody LED
      | ^~~~~~~~~~~~~~~~~
..\src\z_starego.cpp: In function 'int main()':
..\src\z_starego.cpp:94:9: error: 'SetUpPeripherials' was not declared in this scope
   94 |         SetUpPeripherials();
      |         ^~~~~~~~~~~~~~~~~
..\src\z_starego.cpp:107:9: error: 'KEYBOARD' was not declared in this scope
  107 |         KEYBOARD.InitKB(100);
      |         ^~~~~~~~
..\src\z_starego.cpp:109:9: error: 'LEDBAR' was not declared in this scope
  109 |         LEDBAR.InitLedBar();
      |         ^~~~~~
..\src\z_starego.cpp:113:9: error: 'EnableInterrupts' was not declared in this scope
  113 |         EnableInterrupts();
      |         ^~~~~~~~~~~~~~~~
..\src\z_starego.cpp:118:13: error: 'LCD' was not declared in this scope
  118 |             LCD.Synchronize();
      |             ^~~
..\src\z_starego.cpp:131:23: error: 'textEkran' was not declared in this scope
  131 |             PrintText(textEkran, Bufor1, 12, 19, 1);
      |                       ^~~~~~~~~
..\src\z_starego.cpp:131:13: error: 'PrintText' was not declared in this scope
  131 |             PrintText(textEkran, Bufor1, 12, 19, 1);
      |             ^~~~~~~~~
..\src\z_starego.cpp:138:13: error: 'DrawPixels' was not declared in this scope
  138 |             DrawPixels(Key);
      |             ^~~~~~~~~~
..\src\z_starego.cpp: In function 'void InitData()':
..\src\z_starego.cpp:276:13: error: 'textEkran' was not declared in this scope
  276 |             textEkran[a] = ' ';
      |             ^~~~~~~~~
..\src\z_starego.cpp:280:21: error: 'rand' was not declared in this scope; did you mean 'randr'?
  280 |             s[a] = (rand() & 0x1f) + 1;
      |                     ^~~~
      |                     randr
21:24:19 **** Clean-only build of configuration RPiLAB for project RPiLAB_BASE ****
make clean 
rm -rf  ./src/main.o ./src/peripherals.o ./src/utilities.o  RPiLAB_BASE.bin  ./src/main.d ./src/peripherals.d ./src/utilities.d  RPiLAB_BASE.elf
 
21:24:19 **** Incremental Build of configuration RPiLAB for project RPiLAB_BASE ****
make all 
Building file: ../src/main.cpp
Invoking: Cross ARM C++ Compiler
arm-none-eabi-g++ -mcpu=cortex-a7 -marm -O3 -I"C:\Users\wegne\Desktop\Studia\OSM-laby\gierka\RPiLAB_BASE\src" -I"C:\Users\wegne\Desktop\Studia\OSM-laby\gierka\RPiLAB_BASE\Library\include" -std=gnu++11 -fabi-version=0 -MMD -MP -MF"src/main.d" -MT"src/main.o" -c -o "src/main.o" "../src/main.cpp"
Finished building: ../src/main.cpp
 
Building file: ../src/peripherals.cpp
Invoking: Cross ARM C++ Compiler
arm-none-eabi-g++ -mcpu=cortex-a7 -marm -O3 -I"C:\Users\wegne\Desktop\Studia\OSM-laby\gierka\RPiLAB_BASE\src" -I"C:\Users\wegne\Desktop\Studia\OSM-laby\gierka\RPiLAB_BASE\Library\include" -std=gnu++11 -fabi-version=0 -MMD -MP -MF"src/peripherals.d" -MT"src/peripherals.o" -c -o "src/peripherals.o" "../src/peripherals.cpp"
Finished building: ../src/peripherals.cpp
 
Building file: ../src/utilities.cpp
Invoking: Cross ARM C++ Compiler
arm-none-eabi-g++ -mcpu=cortex-a7 -marm -O3 -I"C:\Users\wegne\Desktop\Studia\OSM-laby\gierka\RPiLAB_BASE\src" -I"C:\Users\wegne\Desktop\Studia\OSM-laby\gierka\RPiLAB_BASE\Library\include" -std=gnu++11 -fabi-version=0 -MMD -MP -MF"src/utilities.d" -MT"src/utilities.o" -c -o "src/utilities.o" "../src/utilities.cpp"
Finished building: ../src/utilities.cpp
 
Building file: ../src/z_starego.cpp
Invoking: Cross ARM C++ Compiler
arm-none-eabi-g++ -mcpu=cortex-a7 -marm -O3 -I"C:\Users\wegne\Desktop\Studia\OSM-laby\gierka\RPiLAB_BASE\src" -I"C:\Users\wegne\Desktop\Studia\OSM-laby\gierka\RPiLAB_BASE\Library\include" -std=gnu++11 -fabi-version=0 -MMD -MP -MF"src/z_starego.d" -MT"src/z_starego.o" -c -o "src/z_starego.o" "../src/z_starego.cpp"
../src/z_starego.cpp:65:1: error: 'R_P_LCD_TMSLAB' does not name a type
   65 | R_P_LCD_TMSLAB LCD;             // Obiekt obslugujacy LCD
      | ^~~~~~~~~~~~~~
../src/z_starego.cpp:66:1: error: 'R_P_KEYBOARD_TMSLAB' does not name a type
   66 | R_P_KEYBOARD_TMSLAB KEYBOARD;   // Obiekt obslugujacy klawiature
      | ^~~~~~~~~~~~~~~~~~~
../src/z_starego.cpp:67:1: error: 'R_P_LEDBAR_TMSLAB' does not name a type
   67 | R_P_LEDBAR_TMSLAB LEDBAR;       // Obiekt obslugujacy diody LED
      | ^~~~~~~~~~~~~~~~~
../src/z_starego.cpp: In function 'int main()':
../src/z_starego.cpp:94:9: error: 'SetUpPeripherials' was not declared in this scope
   94 |         SetUpPeripherials();
      |         ^~~~~~~~~~~~~~~~~
../src/z_starego.cpp:107:9: error: 'KEYBOARD' was not declared in this scope
  107 |         KEYBOARD.InitKB(100);
      |         ^~~~~~~~
../src/z_starego.cpp:109:9: error: 'LEDBAR' was not declared in this scope
  109 |         LEDBAR.InitLedBar();
      |         ^~~~~~
../src/z_starego.cpp:118:13: error: 'LCD' was not declared in this scope
  118 |             LCD.Synchronize();
      |             ^~~
../src/z_starego.cpp:131:23: error: 'textEkran' was not declared in this scope
  131 |             PrintText(textEkran, Bufor1, 12, 19, 1);
      |                       ^~~~~~~~~
../src/z_starego.cpp:131:13: error: 'PrintText' was not declared in this scope
  131 |             PrintText(textEkran, Bufor1, 12, 19, 1);
      |             ^~~~~~~~~
../src/z_starego.cpp:138:13: error: 'DrawPixels' was not declared in this scope
  138 |             DrawPixels(Key);
      |             ^~~~~~~~~~
../src/z_starego.cpp: In function 'void InitData()':
../src/z_starego.cpp:276:13: error: 'textEkran' was not declared in this scope
  276 |             textEkran[a] = ' ';
      |             ^~~~~~~~~
../src/z_starego.cpp:280:21: error: 'rand' was not declared in this scope; did you mean 'randr'?
  280 |             s[a] = (rand() & 0x1f) + 1;
      |                     ^~~~
      |                     randr
make: *** [src/z_starego.o] Error 1
"make all" terminated with exit code 2. Build might be incomplete.
21:25:28 **** Incremental Build of configuration RPiLAB for project RPiLAB_BASE ****
make all 
Building file: ../src/z_starego.cpp
Invoking: Cross ARM C++ Compiler
arm-none-eabi-g++ -mcpu=cortex-a7 -marm -O3 -I"C:\Users\wegne\Desktop\Studia\OSM-laby\gierka\RPiLAB_BASE\src" -I"C:\Users\wegne\Desktop\Studia\OSM-laby\gierka\RPiLAB_BASE\Library\include" -std=gnu++11 -fabi-version=0 -MMD -MP -MF"src/z_starego.d" -MT"src/z_starego.o" -c -o "src/z_starego.o" "../src/z_starego.cpp"
../src/z_starego.cpp:65:1: error: 'R_P_LCD_TMSLAB' does not name a type
   65 | R_P_LCD_TMSLAB LCD;             // Obiekt obslugujacy LCD
      | ^~~~~~~~~~~~~~
../src/z_starego.cpp:66:1: error: 'R_P_KEYBOARD_TMSLAB' does not name a type
   66 | R_P_KEYBOARD_TMSLAB KEYBOARD;   // Obiekt obslugujacy klawiature
      | ^~~~~~~~~~~~~~~~~~~
../src/z_starego.cpp:67:1: error: 'R_P_LEDBAR_TMSLAB' does not name a type
   67 | R_P_LEDBAR_TMSLAB LEDBAR;       // Obiekt obslugujacy diody LED
      | ^~~~~~~~~~~~~~~~~
../src/z_starego.cpp: In function 'int main()':
../src/z_starego.cpp:94:9: error: 'SetUpPeripherials' was not declared in this scope
   94 |         SetUpPeripherials();
      |         ^~~~~~~~~~~~~~~~~
../src/z_starego.cpp:107:9: error: 'KEYBOARD' was not declared in this scope
  107 |         KEYBOARD.InitKB(100);
      |         ^~~~~~~~
../src/z_starego.cpp:109:9: error: 'LEDBAR' was not declared in this scope
  109 |         LEDBAR.InitLedBar();
      |         ^~~~~~
../src/z_starego.cpp:118:13: error: 'LCD' was not declared in this scope
  118 |             LCD.Synchronize();
      |             ^~~
../src/z_starego.cpp:131:23: error: 'textEkran' was not declared in this scope
  131 |             PrintText(textEkran, Bufor1, 12, 19, 1);
      |                       ^~~~~~~~~
../src/z_starego.cpp:131:13: error: 'PrintText' was not declared in this scope
  131 |             PrintText(textEkran, Bufor1, 12, 19, 1);
      |             ^~~~~~~~~
../src/z_starego.cpp:138:13: error: 'DrawPixels' was not declared in this scope
  138 |             DrawPixels(Key);
      |             ^~~~~~~~~~
../src/z_starego.cpp: In function 'void InitData()':
../src/z_starego.cpp:276:13: error: 'textEkran' was not declared in this scope
  276 |             textEkran[a] = ' ';
      |             ^~~~~~~~~
../src/z_starego.cpp:280:21: error: 'rand' was not declared in this scope; did you mean 'randr'?
  280 |             s[a] = (rand() & 0x1f) + 1;
      |                     ^~~~
      |                     randr
make: *** [src/z_starego.o] Error 1
"make all" terminated with exit code 2. Build might be incomplete.
21:25:39 **** Incremental Build of configuration RPiSIM for project RPiLAB_BASE ****
Info: Internal Builder is used for build
g++ -DSIMULATOR -O0 -g3 -Wall -c -fmessage-length=0 -o "src\\z_starego.o" "..\\src\\z_starego.cpp" 
g++ "-LC:\\Users\\wegne\\Desktop\\Studia\\OSM-laby\\gierka\\RPiLAB_BASE\\Library" -static -static-libgcc -static-libstdc++ -shared -o RPiLAB_BASE.disc ".metadata\\.plugins\\org.eclipse.cdt.make.core\\specs.o" ".metadata\\.plugins\\org.eclipse.cdt.make.core\\specs.o" "src\\main.o" "src\\peripherals.o" "src\\utilities.o" "src\\z_starego.o" -lRPiLAB_DISC_LIB 
g++ -DSIMULATOR -O0 -g3 -Wall -c -fmessage-length=0 -o ".metadata\\.plugins\\org.eclipse.cdt.make.core\\specs.o" "..\\.metadata\\.plugins\\org.eclipse.cdt.make.core\\specs.cpp" 
Info: Nothing to build for RPiLAB_BASE
21:39:59 **** Incremental Build of configuration RPiLAB for project RPiLAB_BASE ****
make all 
Building file: ../src/cos.cpp
Invoking: Cross ARM C++ Compiler
arm-none-eabi-g++ -mcpu=cortex-a7 -marm -O3 -I"C:\Users\wegne\Desktop\Studia\OSM-laby\gierka\RPiLAB_BASE\src" -I"C:\Users\wegne\Desktop\Studia\OSM-laby\gierka\RPiLAB_BASE\Library\include" -std=gnu++11 -fabi-version=0 -MMD -MP -MF"src/cos.d" -MT"src/cos.o" -c -o "src/cos.o" "../src/cos.cpp"
Finished building: ../src/cos.cpp
 
Building file: ../.metadata/.plugins/org.eclipse.cdt.make.core/specs.c
Invoking: Cross ARM C Compiler
arm-none-eabi-gcc -mcpu=cortex-a7 -marm -O3 -I"C:\Users\wegne\Desktop\Studia\OSM-laby\gierka\RPiLAB_BASE\Library\include" -I"C:\Users\wegne\Desktop\Studia\OSM-laby\gierka\RPiLAB_BASE\src" -std=gnu99 -MMD -MP -MF".metadata/.plugins/org.eclipse.cdt.make.core/specs.d" -MT".metadata/.plugins/org.eclipse.cdt.make.core/specs.o" -c -o ".metadata/.plugins/org.eclipse.cdt.make.core/specs.o" "../.metadata/.plugins/org.eclipse.cdt.make.core/specs.c"
Finished building: ../.metadata/.plugins/org.eclipse.cdt.make.core/specs.c
 
Building target: RPiLAB_BASE.elf
Invoking: Cross ARM C++ Linker
arm-none-eabi-g++ -mcpu=cortex-a7 -marm -O3 -T "C:\Users\wegne\Desktop\Studia\OSM-laby\gierka\RPiLAB_BASE\RPiLAB_BASE.ld" -nostartfiles -L"C:\Users\wegne\Desktop\Studia\OSM-laby\gierka\RPiLAB_BASE\Library" -Wl,-Map,"RPiLAB_BASE.map" --specs=rdimon.specs -Wl,--start-group -lgcc -lc -lc -lm -lrdimon -Wl,--end-group -o "RPiLAB_BASE.elf"  ./src/cos.o ./src/main.o ./src/peripherals.o ./src/utilities.o  ./.metadata/.plugins/org.eclipse.cdt.make.core/specs.o   -luspienv -luspi -lgcc
Finished building target: RPiLAB_BASE.elf
 
Invoking: Cross ARM GNU Create Flash Image
arm-none-eabi-objcopy -O binary "RPiLAB_BASE.elf"  "RPiLAB_BASE.bin"
Finished building: RPiLAB_BASE.bin
 
23:02:17 **** Incremental Build of configuration RPiLAB for project RPiLAB_BASE ****
make all 
Building file: ../src/cos.cpp
Invoking: Cross ARM C++ Compiler
arm-none-eabi-g++ -mcpu=cortex-a7 -marm -O3 -I"C:\Users\wegne\Desktop\Studia\OSM-laby\gierka\RPiLAB_BASE\src" -I"C:\Users\wegne\Desktop\Studia\OSM-laby\gierka\RPiLAB_BASE\Library\include" -std=gnu++11 -fabi-version=0 -MMD -MP -MF"src/cos.d" -MT"src/cos.o" -c -o "src/cos.o" "../src/cos.cpp"
../src/cos.cpp: In function 'int main()':
../src/cos.cpp:107:29: error: invalid conversion from 'const long unsigned int*' to 'long unsigned int*' [-fpermissive]
  107 |   rysowanie_ekran(SCREENBUF,grzejnik_old_color,WIDTH_grzejnik_old_color,HEIGHT_grzejnik_old_color,80,160);
      |                             ^~~~~~~~~~~~~~~~~~
      |                             |
      |                             const long unsigned int*
In file included from ../src/cos.cpp:1:
../src/main.h:26:58: note:   initializing argument 2 of 'void rysowanie_ekran(long unsigned int*, long unsigned int*, int, int, int, int)'
   26 | void rysowanie_ekran(unsigned long* ekran, unsigned long tab[], int width, int height, int x, int y);
      |                                            ~~~~~~~~~~~~~~^~~~~
make: *** [src/cos.o] Error 1
"make all" terminated with exit code 2. Build might be incomplete.
21:25:31 **** Incremental Build of configuration RPiLAB for project RPiLAB_BASE ****
make all 
Building file: ../src/cos.cpp
Invoking: Cross ARM C++ Compiler
arm-none-eabi-g++ -mcpu=cortex-a7 -marm -O3 -I"C:\Users\wegne\Desktop\Studia\OSM-laby\gierka\RPiLAB_BASE\src" -I"C:\Users\wegne\Desktop\Studia\OSM-laby\gierka\RPiLAB_BASE\Library\include" -std=gnu++11 -fabi-version=0 -MMD -MP -MF"src/cos.d" -MT"src/cos.o" -c -o "src/cos.o" "../src/cos.cpp"
Finished building: ../src/cos.cpp
 
Building file: ../src/main.cpp
Invoking: Cross ARM C++ Compiler
arm-none-eabi-g++ -mcpu=cortex-a7 -marm -O3 -I"C:\Users\wegne\Desktop\Studia\OSM-laby\gierka\RPiLAB_BASE\src" -I"C:\Users\wegne\Desktop\Studia\OSM-laby\gierka\RPiLAB_BASE\Library\include" -std=gnu++11 -fabi-version=0 -MMD -MP -MF"src/main.d" -MT"src/main.o" -c -o "src/main.o" "../src/main.cpp"
../src/main.cpp: In function 'int main()':
../src/main.cpp:126:23: error: 'textEkran' was not declared in this scope
  126 |             PrintText(textEkran, Bufor1, 12, 19, 1);
      |                       ^~~~~~~~~
../src/main.cpp:126:13: error: 'PrintText' was not declared in this scope
  126 |             PrintText(textEkran, Bufor1, 12, 19, 1);
      |             ^~~~~~~~~
In file included from ../src/main.h:9,
                 from ../src/main.cpp:17:
../src/main.cpp: At global scope:
C:\Users\wegne\Desktop\Studia\OSM-laby\gierka\RPiLAB_BASE\Library\include/uspienv/synchronize.h:34:28: error: expected unqualified-id before '__asm'
   34 | #define EnableInterrupts() __asm volatile ("cpsie i")
      |                            ^~~~~
../src/main.cpp:228:10: note: in expansion of macro 'EnableInterrupts'
  228 |     void EnableInterrupts()
      |          ^~~~~~~~~~~~~~~~
../src/main.cpp: In function 'void InitData()':
../src/main.cpp:271:13: error: 'textEkran' was not declared in this scope
  271 |             textEkran[a] = ' ';
      |             ^~~~~~~~~
../src/main.cpp:275:21: error: 'rand' was not declared in this scope; did you mean 'randr'?
  275 |             s[a] = (rand() & 0x1f) + 1;
      |                     ^~~~
      |                     randr
make: *** [src/main.o] Error 1
"make all" terminated with exit code 2. Build might be incomplete.
21:30:15 **** Incremental Build of configuration RPiLAB for project RPiLAB_BASE ****
make all 
Building file: ../src/cos.cpp
Invoking: Cross ARM C++ Compiler
arm-none-eabi-g++ -mcpu=cortex-a7 -marm -O3 -I"C:\Users\wegne\Desktop\Studia\OSM-laby\gierka\RPiLAB_BASE\src" -I"C:\Users\wegne\Desktop\Studia\OSM-laby\gierka\RPiLAB_BASE\Library\include" -std=gnu++11 -fabi-version=0 -MMD -MP -MF"src/cos.d" -MT"src/cos.o" -c -o "src/cos.o" "../src/cos.cpp"
Finished building: ../src/cos.cpp
 
Building file: ../src/main.cpp
Invoking: Cross ARM C++ Compiler
arm-none-eabi-g++ -mcpu=cortex-a7 -marm -O3 -I"C:\Users\wegne\Desktop\Studia\OSM-laby\gierka\RPiLAB_BASE\src" -I"C:\Users\wegne\Desktop\Studia\OSM-laby\gierka\RPiLAB_BASE\Library\include" -std=gnu++11 -fabi-version=0 -MMD -MP -MF"src/main.d" -MT"src/main.o" -c -o "src/main.o" "../src/main.cpp"
Finished building: ../src/main.cpp
 
Building target: RPiLAB_BASE.elf
Invoking: Cross ARM C++ Linker
arm-none-eabi-g++ -mcpu=cortex-a7 -marm -O3 -T "C:\Users\wegne\Desktop\Studia\OSM-laby\gierka\RPiLAB_BASE\RPiLAB_BASE.ld" -nostartfiles -L"C:\Users\wegne\Desktop\Studia\OSM-laby\gierka\RPiLAB_BASE\Library" -Wl,-Map,"RPiLAB_BASE.map" --specs=rdimon.specs -Wl,--start-group -lgcc -lc -lc -lm -lrdimon -Wl,--end-group -o "RPiLAB_BASE.elf"  ./src/cos.o ./src/main.o ./src/peripherals.o ./src/utilities.o  ./.metadata/.plugins/org.eclipse.cdt.make.core/specs.o   -luspienv -luspi -lgcc
c:/users/wegne/desktop/studia/osm-laby/smartdev/gcc_none_eabi_cortexa/bin/../lib/gcc/arm-none-eabi/9.2.1/../../../../arm-none-eabi/bin/ld.exe: ./src/main.o: in function `main':
main.cpp:(.text.startup+0x120): undefined reference to `rysowanie_ekran(unsigned long*, unsigned long*, int, int, int, int)'
collect2.exe: error: ld returned 1 exit status
make: *** [RPiLAB_BASE.elf] Error 1
"make all" terminated with exit code 2. Build might be incomplete.
21:32:25 **** Incremental Build of configuration RPiLAB for project RPiLAB_BASE ****
make all 
Building file: ../src/main.cpp
Invoking: Cross ARM C++ Compiler
arm-none-eabi-g++ -mcpu=cortex-a7 -marm -O3 -I"C:\Users\wegne\Desktop\Studia\OSM-laby\gierka\RPiLAB_BASE\src" -I"C:\Users\wegne\Desktop\Studia\OSM-laby\gierka\RPiLAB_BASE\Library\include" -std=gnu++11 -fabi-version=0 -MMD -MP -MF"src/main.d" -MT"src/main.o" -c -o "src/main.o" "../src/main.cpp"
Finished building: ../src/main.cpp
 
Building target: RPiLAB_BASE.elf
Invoking: Cross ARM C++ Linker
arm-none-eabi-g++ -mcpu=cortex-a7 -marm -O3 -T "C:\Users\wegne\Desktop\Studia\OSM-laby\gierka\RPiLAB_BASE\RPiLAB_BASE.ld" -nostartfiles -L"C:\Users\wegne\Desktop\Studia\OSM-laby\gierka\RPiLAB_BASE\Library" -Wl,-Map,"RPiLAB_BASE.map" --specs=rdimon.specs -Wl,--start-group -lgcc -lc -lc -lm -lrdimon -Wl,--end-group -o "RPiLAB_BASE.elf"  ./src/cos.o ./src/main.o ./src/peripherals.o ./src/utilities.o  ./.metadata/.plugins/org.eclipse.cdt.make.core/specs.o   -luspienv -luspi -lgcc
c:/users/wegne/desktop/studia/osm-laby/smartdev/gcc_none_eabi_cortexa/bin/../lib/gcc/arm-none-eabi/9.2.1/../../../../arm-none-eabi/bin/ld.exe: ./src/main.o: in function `main':
main.cpp:(.text.startup+0x120): undefined reference to `rysowanie_ekran(unsigned long*, unsigned long*, int, int, int, int)'
collect2.exe: error: ld returned 1 exit status
make: *** [RPiLAB_BASE.elf] Error 1
"make all" terminated with exit code 2. Build might be incomplete.
21:33:14 **** Incremental Build of configuration RPiLAB for project RPiLAB_BASE ****
make all 
Building file: ../src/main.cpp
Invoking: Cross ARM C++ Compiler
arm-none-eabi-g++ -mcpu=cortex-a7 -marm -O3 -I"C:\Users\wegne\Desktop\Studia\OSM-laby\gierka\RPiLAB_BASE\src" -I"C:\Users\wegne\Desktop\Studia\OSM-laby\gierka\RPiLAB_BASE\Library\include" -std=gnu++11 -fabi-version=0 -MMD -MP -MF"src/main.d" -MT"src/main.o" -c -o "src/main.o" "../src/main.cpp"
Finished building: ../src/main.cpp
 
Building target: RPiLAB_BASE.elf
Invoking: Cross ARM C++ Linker
arm-none-eabi-g++ -mcpu=cortex-a7 -marm -O3 -T "C:\Users\wegne\Desktop\Studia\OSM-laby\gierka\RPiLAB_BASE\RPiLAB_BASE.ld" -nostartfiles -L"C:\Users\wegne\Desktop\Studia\OSM-laby\gierka\RPiLAB_BASE\Library" -Wl,-Map,"RPiLAB_BASE.map" --specs=rdimon.specs -Wl,--start-group -lgcc -lc -lc -lm -lrdimon -Wl,--end-group -o "RPiLAB_BASE.elf"  ./src/cos.o ./src/main.o ./src/peripherals.o ./src/utilities.o  ./.metadata/.plugins/org.eclipse.cdt.make.core/specs.o   -luspienv -luspi -lgcc
c:/users/wegne/desktop/studia/osm-laby/smartdev/gcc_none_eabi_cortexa/bin/../lib/gcc/arm-none-eabi/9.2.1/../../../../arm-none-eabi/bin/ld.exe: ./src/main.o: in function `main':
main.cpp:(.text.startup+0x120): undefined reference to `rysowanie_ekran(unsigned long*, unsigned long*, int, int, int, int)'
collect2.exe: error: ld returned 1 exit status
make: *** [RPiLAB_BASE.elf] Error 1
"make all" terminated with exit code 2. Build might be incomplete.
21:36:51 **** Incremental Build of configuration RPiLAB for project RPiLAB_BASE ****
make all 
Building file: ../src/cos.cpp
Invoking: Cross ARM C++ Compiler
arm-none-eabi-g++ -mcpu=cortex-a7 -marm -O3 -I"C:\Users\wegne\Desktop\Studia\OSM-laby\gierka\RPiLAB_BASE\src" -I"C:\Users\wegne\Desktop\Studia\OSM-laby\gierka\RPiLAB_BASE\Library\include" -std=gnu++11 -fabi-version=0 -MMD -MP -MF"src/cos.d" -MT"src/cos.o" -c -o "src/cos.o" "../src/cos.cpp"
Finished building: ../src/cos.cpp
 
Building file: ../src/main.cpp
Invoking: Cross ARM C++ Compiler
arm-none-eabi-g++ -mcpu=cortex-a7 -marm -O3 -I"C:\Users\wegne\Desktop\Studia\OSM-laby\gierka\RPiLAB_BASE\src" -I"C:\Users\wegne\Desktop\Studia\OSM-laby\gierka\RPiLAB_BASE\Library\include" -std=gnu++11 -fabi-version=0 -MMD -MP -MF"src/main.d" -MT"src/main.o" -c -o "src/main.o" "../src/main.cpp"
Finished building: ../src/main.cpp
 
Building target: RPiLAB_BASE.elf
Invoking: Cross ARM C++ Linker
arm-none-eabi-g++ -mcpu=cortex-a7 -marm -O3 -T "C:\Users\wegne\Desktop\Studia\OSM-laby\gierka\RPiLAB_BASE\RPiLAB_BASE.ld" -nostartfiles -L"C:\Users\wegne\Desktop\Studia\OSM-laby\gierka\RPiLAB_BASE\Library" -Wl,-Map,"RPiLAB_BASE.map" --specs=rdimon.specs -Wl,--start-group -lgcc -lc -lc -lm -lrdimon -Wl,--end-group -o "RPiLAB_BASE.elf"  ./src/cos.o ./src/main.o ./src/peripherals.o ./src/utilities.o  ./.metadata/.plugins/org.eclipse.cdt.make.core/specs.o   -luspienv -luspi -lgcc
c:/users/wegne/desktop/studia/osm-laby/smartdev/gcc_none_eabi_cortexa/bin/../lib/gcc/arm-none-eabi/9.2.1/../../../../arm-none-eabi/bin/ld.exe: ./src/main.o: in function `main':
main.cpp:(.text.startup+0x120): undefined reference to `rysowanie_ekran(unsigned long*, unsigned long*, int, int, int, int)'
collect2.exe: error: ld returned 1 exit status
make: *** [RPiLAB_BASE.elf] Error 1
"make all" terminated with exit code 2. Build might be incomplete.
21:43:33 **** Incremental Build of configuration RPiLAB for project RPiLAB_BASE ****
make all 
Building target: RPiLAB_BASE.elf
Invoking: Cross ARM C++ Linker
arm-none-eabi-g++ -mcpu=cortex-a7 -marm -O3 -T "C:\Users\wegne\Desktop\Studia\OSM-laby\gierka\RPiLAB_BASE\RPiLAB_BASE.ld" -nostartfiles -L"C:\Users\wegne\Desktop\Studia\OSM-laby\gierka\RPiLAB_BASE\Library" -Wl,-Map,"RPiLAB_BASE.map" --specs=rdimon.specs -Wl,--start-group -lgcc -lc -lc -lm -lrdimon -Wl,--end-group -o "RPiLAB_BASE.elf"  ./src/cos.o ./src/main.o ./src/peripherals.o ./src/utilities.o  ./.metadata/.plugins/org.eclipse.cdt.make.core/specs.o   -luspienv -luspi -lgcc
c:/users/wegne/desktop/studia/osm-laby/smartdev/gcc_none_eabi_cortexa/bin/../lib/gcc/arm-none-eabi/9.2.1/../../../../arm-none-eabi/bin/ld.exe: ./src/main.o: in function `main':
main.cpp:(.text.startup+0x120): undefined reference to `rysowanie_ekran(unsigned long*, unsigned long*, int, int, int, int)'
collect2.exe: error: ld returned 1 exit status
make: *** [RPiLAB_BASE.elf] Error 1
"make all" terminated with exit code 2. Build might be incomplete.
21:43:49 **** Incremental Build of configuration RPiLAB for project RPiLAB_BASE ****
make all 
Building file: ../src/cos.cpp
Invoking: Cross ARM C++ Compiler
arm-none-eabi-g++ -mcpu=cortex-a7 -marm -O3 -I"C:\Users\wegne\Desktop\Studia\OSM-laby\gierka\RPiLAB_BASE\src" -I"C:\Users\wegne\Desktop\Studia\OSM-laby\gierka\RPiLAB_BASE\Library\include" -std=gnu++11 -fabi-version=0 -MMD -MP -MF"src/cos.d" -MT"src/cos.o" -c -o "src/cos.o" "../src/cos.cpp"
Finished building: ../src/cos.cpp
 
Building file: ../src/main.cpp
Invoking: Cross ARM C++ Compiler
arm-none-eabi-g++ -mcpu=cortex-a7 -marm -O3 -I"C:\Users\wegne\Desktop\Studia\OSM-laby\gierka\RPiLAB_BASE\src" -I"C:\Users\wegne\Desktop\Studia\OSM-laby\gierka\RPiLAB_BASE\Library\include" -std=gnu++11 -fabi-version=0 -MMD -MP -MF"src/main.d" -MT"src/main.o" -c -o "src/main.o" "../src/main.cpp"
Finished building: ../src/main.cpp
 
Building target: RPiLAB_BASE.elf
Invoking: Cross ARM C++ Linker
arm-none-eabi-g++ -mcpu=cortex-a7 -marm -O3 -T "C:\Users\wegne\Desktop\Studia\OSM-laby\gierka\RPiLAB_BASE\RPiLAB_BASE.ld" -nostartfiles -L"C:\Users\wegne\Desktop\Studia\OSM-laby\gierka\RPiLAB_BASE\Library" -Wl,-Map,"RPiLAB_BASE.map" --specs=rdimon.specs -Wl,--start-group -lgcc -lc -lc -lm -lrdimon -Wl,--end-group -o "RPiLAB_BASE.elf"  ./src/cos.o ./src/main.o ./src/peripherals.o ./src/utilities.o  ./.metadata/.plugins/org.eclipse.cdt.make.core/specs.o   -luspienv -luspi -lgcc
c:/users/wegne/desktop/studia/osm-laby/smartdev/gcc_none_eabi_cortexa/bin/../lib/gcc/arm-none-eabi/9.2.1/../../../../arm-none-eabi/bin/ld.exe: ./src/main.o: in function `main':
main.cpp:(.text.startup+0x120): undefined reference to `rysowanie_ekran(unsigned long*, unsigned long*, int, int, int, int)'
collect2.exe: error: ld returned 1 exit status
make: *** [RPiLAB_BASE.elf] Error 1
"make all" terminated with exit code 2. Build might be incomplete.
21:47:39 **** Incremental Build of configuration RPiLAB for project RPiLAB_BASE ****
make all 
Building file: ../src/main.cpp
Invoking: Cross ARM C++ Compiler
arm-none-eabi-g++ -mcpu=cortex-a7 -marm -O3 -I"C:\Users\wegne\Desktop\Studia\OSM-laby\gierka\RPiLAB_BASE\src" -I"C:\Users\wegne\Desktop\Studia\OSM-laby\gierka\RPiLAB_BASE\Library\include" -std=gnu++11 -fabi-version=0 -MMD -MP -MF"src/main.d" -MT"src/main.o" -c -o "src/main.o" "../src/main.cpp"
Finished building: ../src/main.cpp
 
Building target: RPiLAB_BASE.elf
Invoking: Cross ARM C++ Linker
arm-none-eabi-g++ -mcpu=cortex-a7 -marm -O3 -T "C:\Users\wegne\Desktop\Studia\OSM-laby\gierka\RPiLAB_BASE\RPiLAB_BASE.ld" -nostartfiles -L"C:\Users\wegne\Desktop\Studia\OSM-laby\gierka\RPiLAB_BASE\Library" -Wl,-Map,"RPiLAB_BASE.map" --specs=rdimon.specs -Wl,--start-group -lgcc -lc -lc -lm -lrdimon -Wl,--end-group -o "RPiLAB_BASE.elf"  ./src/cos.o ./src/main.o ./src/peripherals.o ./src/utilities.o  ./.metadata/.plugins/org.eclipse.cdt.make.core/specs.o   -luspienv -luspi -lgcc
c:/users/wegne/desktop/studia/osm-laby/smartdev/gcc_none_eabi_cortexa/bin/../lib/gcc/arm-none-eabi/9.2.1/../../../../arm-none-eabi/bin/ld.exe: ./src/main.o: in function `main':
main.cpp:(.text.startup+0x120): undefined reference to `rysowanie_ekran(unsigned long*, unsigned long*, int, int, int, int)'
collect2.exe: error: ld returned 1 exit status
make: *** [RPiLAB_BASE.elf] Error 1
"make all" terminated with exit code 2. Build might be incomplete.
21:51:35 **** Incremental Build of configuration RPiLAB for project RPiLAB_BASE ****
make all 
Building file: ../src/cos.cpp
Invoking: Cross ARM C++ Compiler
arm-none-eabi-g++ -mcpu=cortex-a7 -marm -O3 -I"C:\Users\wegne\Desktop\Studia\OSM-laby\gierka\RPiLAB_BASE\src" -I"C:\Users\wegne\Desktop\Studia\OSM-laby\gierka\RPiLAB_BASE\Library\include" -std=gnu++11 -fabi-version=0 -MMD -MP -MF"src/cos.d" -MT"src/cos.o" -c -o "src/cos.o" "../src/cos.cpp"
Finished building: ../src/cos.cpp
 
Building file: ../src/main.cpp
Invoking: Cross ARM C++ Compiler
arm-none-eabi-g++ -mcpu=cortex-a7 -marm -O3 -I"C:\Users\wegne\Desktop\Studia\OSM-laby\gierka\RPiLAB_BASE\src" -I"C:\Users\wegne\Desktop\Studia\OSM-laby\gierka\RPiLAB_BASE\Library\include" -std=gnu++11 -fabi-version=0 -MMD -MP -MF"src/main.d" -MT"src/main.o" -c -o "src/main.o" "../src/main.cpp"
Finished building: ../src/main.cpp
 
Building target: RPiLAB_BASE.elf
Invoking: Cross ARM C++ Linker
arm-none-eabi-g++ -mcpu=cortex-a7 -marm -O3 -T "C:\Users\wegne\Desktop\Studia\OSM-laby\gierka\RPiLAB_BASE\RPiLAB_BASE.ld" -nostartfiles -L"C:\Users\wegne\Desktop\Studia\OSM-laby\gierka\RPiLAB_BASE\Library" -Wl,-Map,"RPiLAB_BASE.map" --specs=rdimon.specs -Wl,--start-group -lgcc -lc -lc -lm -lrdimon -Wl,--end-group -o "RPiLAB_BASE.elf"  ./src/cos.o ./src/main.o ./src/peripherals.o ./src/utilities.o  ./.metadata/.plugins/org.eclipse.cdt.make.core/specs.o   -luspienv -luspi -lgcc
c:/users/wegne/desktop/studia/osm-laby/smartdev/gcc_none_eabi_cortexa/bin/../lib/gcc/arm-none-eabi/9.2.1/../../../../arm-none-eabi/bin/ld.exe: ./src/main.o: in function `main':
main.cpp:(.text.startup+0x120): undefined reference to `rysowanie_ekran(unsigned long*, unsigned long*, int, int, int, int)'
collect2.exe: error: ld returned 1 exit status
make: *** [RPiLAB_BASE.elf] Error 1
"make all" terminated with exit code 2. Build might be incomplete.
21:57:46 **** Incremental Build of configuration RPiLAB for project RPiLAB_BASE ****
make all 
Building file: ../src/main.cpp
Invoking: Cross ARM C++ Compiler
arm-none-eabi-g++ -mcpu=cortex-a7 -marm -O3 -I"C:\Users\wegne\Desktop\Studia\OSM-laby\gierka\RPiLAB_BASE\src" -I"C:\Users\wegne\Desktop\Studia\OSM-laby\gierka\RPiLAB_BASE\Library\include" -std=gnu++11 -fabi-version=0 -MMD -MP -MF"src/main.d" -MT"src/main.o" -c -o "src/main.o" "../src/main.cpp"
Finished building: ../src/main.cpp
 
Building target: RPiLAB_BASE.elf
Invoking: Cross ARM C++ Linker
arm-none-eabi-g++ -mcpu=cortex-a7 -marm -O3 -T "C:\Users\wegne\Desktop\Studia\OSM-laby\gierka\RPiLAB_BASE\RPiLAB_BASE.ld" -nostartfiles -L"C:\Users\wegne\Desktop\Studia\OSM-laby\gierka\RPiLAB_BASE\Library" -Wl,-Map,"RPiLAB_BASE.map" --specs=rdimon.specs -Wl,--start-group -lgcc -lc -lc -lm -lrdimon -Wl,--end-group -o "RPiLAB_BASE.elf"  ./src/cos.o ./src/main.o ./src/peripherals.o ./src/utilities.o  ./.metadata/.plugins/org.eclipse.cdt.make.core/specs.o   -luspienv -luspi -lgcc
c:/users/wegne/desktop/studia/osm-laby/smartdev/gcc_none_eabi_cortexa/bin/../lib/gcc/arm-none-eabi/9.2.1/../../../../arm-none-eabi/bin/ld.exe: ./src/main.o: in function `main':
main.cpp:(.text.startup+0x120): undefined reference to `moje_rysowanie_ekran(unsigned long*, unsigned long*, int, int, int, int)'
collect2.exe: error: ld returned 1 exit status
make: *** [RPiLAB_BASE.elf] Error 1
"make all" terminated with exit code 2. Build might be incomplete.
21:59:46 **** Incremental Build of configuration RPiLAB for project RPiLAB_BASE ****
make all 
Building file: ../src/main.cpp
Invoking: Cross ARM C++ Compiler
arm-none-eabi-g++ -mcpu=cortex-a7 -marm -O3 -I"C:\Users\wegne\Desktop\Studia\OSM-laby\gierka\RPiLAB_BASE\src" -I"C:\Users\wegne\Desktop\Studia\OSM-laby\gierka\RPiLAB_BASE\Library\include" -std=gnu++11 -fabi-version=0 -MMD -MP -MF"src/main.d" -MT"src/main.o" -c -o "src/main.o" "../src/main.cpp"
Finished building: ../src/main.cpp
 
Building target: RPiLAB_BASE.elf
Invoking: Cross ARM C++ Linker
arm-none-eabi-g++ -mcpu=cortex-a7 -marm -O3 -T "C:\Users\wegne\Desktop\Studia\OSM-laby\gierka\RPiLAB_BASE\RPiLAB_BASE.ld" -nostartfiles -L"C:\Users\wegne\Desktop\Studia\OSM-laby\gierka\RPiLAB_BASE\Library" -Wl,-Map,"RPiLAB_BASE.map" --specs=rdimon.specs -Wl,--start-group -lgcc -lc -lc -lm -lrdimon -Wl,--end-group -o "RPiLAB_BASE.elf"  ./src/cos.o ./src/main.o ./src/peripherals.o ./src/utilities.o  ./.metadata/.plugins/org.eclipse.cdt.make.core/specs.o   -luspienv -luspi -lgcc
Finished building target: RPiLAB_BASE.elf
 
Invoking: Cross ARM GNU Create Flash Image
arm-none-eabi-objcopy -O binary "RPiLAB_BASE.elf"  "RPiLAB_BASE.bin"
Finished building: RPiLAB_BASE.bin
 
22:00:44 **** Incremental Build of configuration RPiLAB for project RPiLAB_BASE ****
make all 
make: Nothing to be done for `all'.
22:00:47 **** Incremental Build of configuration RPiSIM for project RPiLAB_BASE ****
Info: Internal Builder is used for build
g++ -DSIMULATOR -O0 -g3 -Wall -c -fmessage-length=0 -o "src\\peripherals.o" "..\\src\\peripherals.cpp" 
g++ -DSIMULATOR -O0 -g3 -Wall -c -fmessage-length=0 -o "src\\utilities.o" "..\\src\\utilities.cpp" 
g++ -DSIMULATOR -O0 -g3 -Wall -c -fmessage-length=0 -o "src\\main.o" "..\\src\\main.cpp" 
gcc -DSIMULATOR -O3 -Wall -c -fmessage-length=0 -o ".metadata\\.plugins\\org.eclipse.cdt.make.core\\specs.o" "..\\.metadata\\.plugins\\org.eclipse.cdt.make.core\\specs.c" 
g++ -DSIMULATOR -O0 -g3 -Wall -c -fmessage-length=0 -o "src\\cos.o" "..\\src\\cos.cpp" 
g++ "-LC:\\Users\\wegne\\Desktop\\Studia\\OSM-laby\\gierka\\RPiLAB_BASE\\Library" -static -static-libgcc -static-libstdc++ -shared -o RPiLAB_BASE.disc ".metadata\\.plugins\\org.eclipse.cdt.make.core\\specs.o" ".metadata\\.plugins\\org.eclipse.cdt.make.core\\specs.o" "src\\cos.o" "src\\main.o" "src\\peripherals.o" "src\\utilities.o" -lRPiLAB_DISC_LIB 
g++ -DSIMULATOR -O0 -g3 -Wall -c -fmessage-length=0 -o ".metadata\\.plugins\\org.eclipse.cdt.make.core\\specs.o" "..\\.metadata\\.plugins\\org.eclipse.cdt.make.core\\specs.cpp" 
22:01:48 **** Incremental Build of configuration RPiSIM for project RPiLAB_BASE ****
Info: Internal Builder is used for build
g++ -DSIMULATOR -O0 -g3 -Wall -c -fmessage-length=0 -o "src\\main.o" "..\\src\\main.cpp" 
g++ "-LC:\\Users\\wegne\\Desktop\\Studia\\OSM-laby\\gierka\\RPiLAB_BASE\\Library" -static -static-libgcc -static-libstdc++ -shared -o RPiLAB_BASE.disc ".metadata\\.plugins\\org.eclipse.cdt.make.core\\specs.o" ".metadata\\.plugins\\org.eclipse.cdt.make.core\\specs.o" "src\\cos.o" "src\\main.o" "src\\peripherals.o" "src\\utilities.o" -lRPiLAB_DISC_LIB 
22:08:07 **** Incremental Build of configuration RPiSIM for project RPiLAB_BASE ****
Info: Internal Builder is used for build
g++ -DSIMULATOR -O0 -g3 -Wall -c -fmessage-length=0 -o "src\\main.o" "..\\src\\main.cpp" 
g++ "-LC:\\Users\\wegne\\Desktop\\Studia\\OSM-laby\\gierka\\RPiLAB_BASE\\Library" -static -static-libgcc -static-libstdc++ -shared -o RPiLAB_BASE.disc ".metadata\\.plugins\\org.eclipse.cdt.make.core\\specs.o" ".metadata\\.plugins\\org.eclipse.cdt.make.core\\specs.o" "src\\cos.o" "src\\main.o" "src\\peripherals.o" "src\\utilities.o" -lRPiLAB_DISC_LIB 
Info: Nothing to build for RPiLAB_BASE
22:13:44 **** Incremental Build of configuration RPiSIM for project RPiLAB_BASE ****
Info: Internal Builder is used for build
g++ -DSIMULATOR -O0 -g3 -Wall -c -fmessage-length=0 -o "src\\main.o" "..\\src\\main.cpp" 
g++ "-LC:\\Users\\wegne\\Desktop\\Studia\\OSM-laby\\gierka\\RPiLAB_BASE\\Library" -static -static-libgcc -static-libstdc++ -shared -o RPiLAB_BASE.disc ".metadata\\.plugins\\org.eclipse.cdt.make.core\\specs.o" ".metadata\\.plugins\\org.eclipse.cdt.make.core\\specs.o" "src\\cos.o" "src\\main.o" "src\\peripherals.o" "src\\utilities.o" -lRPiLAB_DISC_LIB 
